<?xml version="1.0" encoding="UTF-8"?>
<!-- Generated by org.testng.reporters.JUnitReportReporter -->
<testsuite skipped="0" hostname="DESKTOP-G25I8C3" name="tests.Tests" tests="13" failures="0" timestamp="2020-12-15T21:43:52 GMT" time="79.872" errors="0">
  <testcase name="nullMobileTest" time="10.579" classname="tests.Tests"/>
  <system-out/>
  <testcase name="invalidMobileTest" time="5.285" classname="tests.Tests"/>
  <system-out/>
  <testcase name="nullEmailTest" time="5.883" classname="tests.Tests"/>
  <system-out/>
  <testcase name="emailSymbolTest" time="6.250" classname="tests.Tests"/>
  <system-out/>
  <testcase name="emailSuffixTest" time="5.001" classname="tests.Tests"/>
  <system-out/>
  <testcase name="emailPrefixTest" time="5.154" classname="tests.Tests"/>
  <system-out/>
  <testcase name="nullPassTest" time="5.167" classname="tests.Tests"/>
  <system-out/>
  <testcase name="spacePassTest" time="5.104" classname="tests.Tests"/>
  <system-out/>
  <testcase name="upperCasePassTest" time="5.633" classname="tests.Tests"/>
  <system-out/>
  <testcase name="shortPassTest" time="5.060" classname="tests.Tests"/>
  <system-out/>
  <testcase name="mismatchPassTest" time="5.466" classname="tests.Tests"/>
  <system-out/>
  <testcase name="dupMobileTest" time="8.912" classname="tests.Tests"/>
  <system-out/>
  <testcase name="validSignUpTest" time="6.378" classname="tests.Tests"/>
  <system-out/>
</testsuite> <!-- tests.Tests -->
