<?xml version="1.0" encoding="UTF-8"?>
<!-- Generated by org.testng.reporters.JUnitReportReporter -->
<testsuite skipped="0" hostname="DESKTOP-G25I8C3" name="tests.BClass" tests="12" failures="0" timestamp="2020-12-14T23:44:25 GMT" time="86.311" errors="0">
  <testcase name="nullMobileTest" time="13.464" classname="tests.BClass"/>
  <system-out/>
  <testcase name="invalidMobileTest" time="6.303" classname="tests.BClass"/>
  <system-out/>
  <testcase name="nullEmailTest" time="6.141" classname="tests.BClass"/>
  <system-out/>
  <testcase name="emailSymbolTest" time="6.228" classname="tests.BClass"/>
  <system-out/>
  <testcase name="emailSuffixTest" time="6.910" classname="tests.BClass"/>
  <system-out/>
  <testcase name="emailPrefixTest" time="6.602" classname="tests.BClass"/>
  <system-out/>
  <testcase name="nullPassTest" time="6.187" classname="tests.BClass"/>
  <system-out/>
  <testcase name="spacePassTest" time="6.009" classname="tests.BClass"/>
  <system-out/>
  <testcase name="upperCasePassTest" time="6.284" classname="tests.BClass"/>
  <system-out/>
  <testcase name="shortPassTest" time="6.709" classname="tests.BClass"/>
  <system-out/>
  <testcase name="mismatchPassTest" time="6.045" classname="tests.BClass"/>
  <system-out/>
  <testcase name="dupMobileTest" time="9.429" classname="tests.BClass"/>
  <system-out/>
</testsuite> <!-- tests.BClass -->
